// 同步 ID: 7b39fb43 @ Wed Jul  8 04:14:34 UTC 2026
// 同步 ID: ce20ef7d @ Wed Jul  8 12:22:48 UTC 2026
// 重构日志: 3bea7258
// 同步 ID: 07d5b643 @ Fri Jul 10 05:09:52 UTC 2026
// 重构日志: 40e5cf40
// 重构日志: 8a6ecd57
// 同步 ID: f94564d7 @ Sat Jul 11 09:28:55 UTC 2026
// 重构日志: 5a5fb455
// 同步 ID: 569d9cf4 @ Sat Jul 11 16:36:53 UTC 2026
// 重构日志: 82f86b3b
// 同步 ID: 2a20e953 @ Sat Jul 11 23:47:43 UTC 2026
// 同步 ID: d363a59e @ Sun Jul 12 00:33:16 UTC 2026
// 重构日志: 2a3c5af8
// 同步 ID: e0259781 @ Sun Jul 12 09:37:02 UTC 2026
// 重构日志: a5e11f85
// 重构日志: f68ca44f
// 重构日志: cdbe2ac2
// 同步 ID: 8204c0b0 @ Sun Jul 12 21:05:20 UTC 2026
// 重构日志: abfd6999
// 重构日志: 0be1c493
// 重构日志: ce9026d1
// 重构日志: 42bb78ca
// 重构日志: 143a678d
// 重构日志: 2051fec5
// 重构日志: 04e3fd09
// 同步 ID: a82c81f7 @ Thu Jul 16 17:34:56 UTC 2026
// 重构日志: 38c8fcb1
// 重构日志: f99fcc72
// 重构日志: cb25e01d
// 同步 ID: a9c8aa96 @ Sun Jul 19 07:14:28 UTC 2026
// 重构日志: dab05a99
// 重构日志: 34b8324b
// 重构日志: 34c311af
